<?xml version="1.0" encoding="UTF-8"?>
<testng-results ignored="0" total="5" passed="5" failed="0" skipped="0">
  <reporter-output>
  </reporter-output>
  <suite started-at="2025-03-06T17:58:00 EST" name="Suite" finished-at="2025-03-06T17:59:11 EST" duration-ms="70859">
    <groups>
      <group name="Error handling">
        <method signature="ErrorValidationsTest.loginErrorValidations()[pri:0, instance:RameshSwarnkarAutomation.TestCases.ErrorValidationsTest@4e0ae11f]" name="loginErrorValidations" class="RameshSwarnkarAutomation.TestCases.ErrorValidationsTest"/>
      </group> <!-- Error handling -->
    </groups>
    <test started-at="2025-03-06T17:58:00 EST" name="Test" finished-at="2025-03-06T17:59:11 EST" duration-ms="70859">
      <class name="RameshSwarnkarAutomation.TestCases.ErrorValidationsTest">
        <test-method is-config="true" signature="launchApplication()[pri:0, instance:RameshSwarnkarAutomation.TestCases.ErrorValidationsTest@4e0ae11f]" started-at="2025-03-06T17:58:51 EST" name="launchApplication" finished-at="2025-03-06T17:58:59 EST" duration-ms="7611" status="PASS">
          <reporter-output>
          </reporter-output>
        </test-method> <!-- launchApplication -->
        <test-method signature="loginErrorValidations()[pri:0, instance:RameshSwarnkarAutomation.TestCases.ErrorValidationsTest@4e0ae11f]" started-at="2025-03-06T17:58:59 EST" name="loginErrorValidations" finished-at="2025-03-06T17:59:00 EST" duration-ms="1612" status="PASS">
          <reporter-output>
          </reporter-output>
        </test-method> <!-- loginErrorValidations -->
        <test-method is-config="true" signature="tearDown()[pri:0, instance:RameshSwarnkarAutomation.TestCases.ErrorValidationsTest@4e0ae11f]" started-at="2025-03-06T17:59:01 EST" name="tearDown" finished-at="2025-03-06T17:59:01 EST" duration-ms="192" status="PASS">
          <reporter-output>
          </reporter-output>
        </test-method> <!-- tearDown -->
        <test-method is-config="true" signature="launchApplication()[pri:0, instance:RameshSwarnkarAutomation.TestCases.ErrorValidationsTest@4e0ae11f]" started-at="2025-03-06T17:59:01 EST" name="launchApplication" finished-at="2025-03-06T17:59:10 EST" duration-ms="9191" status="PASS">
          <reporter-output>
          </reporter-output>
        </test-method> <!-- launchApplication -->
        <test-method signature="secondErrorValidation()[pri:0, instance:RameshSwarnkarAutomation.TestCases.ErrorValidationsTest@4e0ae11f]" started-at="2025-03-06T17:59:10 EST" name="secondErrorValidation" finished-at="2025-03-06T17:59:10 EST" duration-ms="1" status="PASS">
          <reporter-output>
          </reporter-output>
        </test-method> <!-- secondErrorValidation -->
        <test-method is-config="true" signature="tearDown()[pri:0, instance:RameshSwarnkarAutomation.TestCases.ErrorValidationsTest@4e0ae11f]" started-at="2025-03-06T17:59:11 EST" name="tearDown" finished-at="2025-03-06T17:59:11 EST" duration-ms="196" status="PASS">
          <reporter-output>
          </reporter-output>
        </test-method> <!-- tearDown -->
      </class> <!-- RameshSwarnkarAutomation.TestCases.ErrorValidationsTest -->
      <class name="RameshSwarnkarAutomation.TestCases.WithFrameworkTest">
        <test-method is-config="true" signature="launchApplication()[pri:0, instance:RameshSwarnkarAutomation.TestCases.WithFrameworkTest@4ee203eb]" started-at="2025-03-06T17:58:00 EST" name="launchApplication" finished-at="2025-03-06T17:58:11 EST" duration-ms="10320" status="PASS">
          <reporter-output>
          </reporter-output>
        </test-method> <!-- launchApplication -->
        <test-method signature="E2EHappyFlow()[pri:0, instance:RameshSwarnkarAutomation.TestCases.WithFrameworkTest@4ee203eb]" started-at="2025-03-06T17:58:11 EST" name="E2EHappyFlow" finished-at="2025-03-06T17:58:28 EST" duration-ms="17466" status="PASS">
          <reporter-output>
          </reporter-output>
        </test-method> <!-- E2EHappyFlow -->
        <test-method is-config="true" signature="tearDown()[pri:0, instance:RameshSwarnkarAutomation.TestCases.WithFrameworkTest@4ee203eb]" started-at="2025-03-06T17:58:29 EST" name="tearDown" finished-at="2025-03-06T17:58:29 EST" duration-ms="290" status="PASS">
          <reporter-output>
          </reporter-output>
        </test-method> <!-- tearDown -->
        <test-method is-config="true" signature="launchApplication()[pri:0, instance:RameshSwarnkarAutomation.TestCases.WithFrameworkTest@4ee203eb]" started-at="2025-03-06T17:58:29 EST" name="launchApplication" finished-at="2025-03-06T17:58:38 EST" duration-ms="8634" status="PASS">
          <reporter-output>
          </reporter-output>
        </test-method> <!-- launchApplication -->
        <test-method signature="LoginAndLogOutFlow(java.util.HashMap)[pri:0, instance:RameshSwarnkarAutomation.TestCases.WithFrameworkTest@4ee203eb]" started-at="2025-03-06T17:58:38 EST" name="LoginAndLogOutFlow" data-provider="getData" finished-at="2025-03-06T17:58:39 EST" duration-ms="1208" status="PASS">
          <params>
            <param index="0">
              <value>
                <![CDATA[{userName=ramesh.swarnkar@gmail.com, Password=Password1}]]>
              </value>
            </param>
          </params>
          <reporter-output>
          </reporter-output>
        </test-method> <!-- LoginAndLogOutFlow -->
        <test-method is-config="true" signature="tearDown()[pri:0, instance:RameshSwarnkarAutomation.TestCases.WithFrameworkTest@4ee203eb]" started-at="2025-03-06T17:58:39 EST" name="tearDown" finished-at="2025-03-06T17:58:40 EST" duration-ms="249" status="PASS">
          <reporter-output>
          </reporter-output>
        </test-method> <!-- tearDown -->
        <test-method is-config="true" signature="launchApplication()[pri:0, instance:RameshSwarnkarAutomation.TestCases.WithFrameworkTest@4ee203eb]" started-at="2025-03-06T17:58:40 EST" name="launchApplication" finished-at="2025-03-06T17:58:49 EST" duration-ms="9656" status="PASS">
          <reporter-output>
          </reporter-output>
        </test-method> <!-- launchApplication -->
        <test-method signature="LoginAndLogOutFlow(java.util.HashMap)[pri:0, instance:RameshSwarnkarAutomation.TestCases.WithFrameworkTest@4ee203eb]" started-at="2025-03-06T17:58:49 EST" name="LoginAndLogOutFlow" data-provider="getData" finished-at="2025-03-06T17:58:50 EST" duration-ms="1132" status="PASS">
          <params>
            <param index="0">
              <value>
                <![CDATA[{userName=fisrt.last@gmail.com, Password=Password1}]]>
              </value>
            </param>
          </params>
          <reporter-output>
          </reporter-output>
        </test-method> <!-- LoginAndLogOutFlow -->
        <test-method is-config="true" signature="tearDown()[pri:0, instance:RameshSwarnkarAutomation.TestCases.WithFrameworkTest@4ee203eb]" started-at="2025-03-06T17:58:51 EST" name="tearDown" finished-at="2025-03-06T17:58:51 EST" duration-ms="220" status="PASS">
          <reporter-output>
          </reporter-output>
        </test-method> <!-- tearDown -->
      </class> <!-- RameshSwarnkarAutomation.TestCases.WithFrameworkTest -->
    </test> <!-- Test -->
  </suite> <!-- Suite -->
</testng-results>
