<?xml version="1.0" encoding="UTF-8"?>
<!-- Generated by org.testng.reporters.JUnitXMLReporter -->
<testsuite ignored="1" hostname="Rameshs-MacBook-Air.local" failures="0" tests="1" name="ErrorValidations" time="23.782" errors="0" timestamp="2025-03-05T23:20:21 EST">
  <testcase classname="RameshSwarnkarAutomation.TestCases.ErrorValidationsTest" name="loginErrorValidations" time="1.956"/>
  <testcase classname="RameshSwarnkarAutomation.TestCases.ErrorValidationsTest" name="secondErrorValidation" time="0.0">
    <ignored/>
  </testcase> <!-- secondErrorValidation -->
</testsuite> <!-- ErrorValidations -->
