<?xml version="1.0" encoding="UTF-8"?>
<!-- Generated by org.testng.reporters.JUnitXMLReporter -->
<testsuite ignored="0" hostname="Rameshs-MacBook-Air.local" failures="0" tests="5" name="Test" time="77.183" errors="0" timestamp="2025-03-06T10:28:34 EST">
  <testcase classname="RameshSwarnkarAutomation.TestCases.WithFrameworkTest" name="E2EHappyFlow" time="20.292"/>
  <testcase classname="RameshSwarnkarAutomation.TestCases.WithFrameworkTest" name="LoginAndLogOutFlow" time="1.466"/>
  <testcase classname="RameshSwarnkarAutomation.TestCases.WithFrameworkTest" name="LoginAndLogOutFlow" time="1.381"/>
  <testcase classname="RameshSwarnkarAutomation.TestCases.ErrorValidationsTest" name="loginErrorValidations" time="1.437"/>
  <testcase classname="RameshSwarnkarAutomation.TestCases.ErrorValidationsTest" name="secondErrorValidation" time="0.005"/>
</testsuite> <!-- Test -->
