<?xml version="1.0" encoding="UTF-8"?>
<testng-results ignored="0" total="5" passed="5" failed="0" skipped="0">
  <reporter-output>
  </reporter-output>
  <suite started-at="2025-03-06T10:27:15 EST" name="Suite" finished-at="2025-03-06T10:28:32 EST" duration-ms="77183">
    <groups>
      <group name="Error handling">
        <method signature="ErrorValidationsTest.loginErrorValidations()[pri:0, instance:RameshSwarnkarAutomation.TestCases.ErrorValidationsTest@38467116]" name="loginErrorValidations" class="RameshSwarnkarAutomation.TestCases.ErrorValidationsTest"/>
      </group> <!-- Error handling -->
    </groups>
    <test started-at="2025-03-06T10:27:15 EST" name="Test" finished-at="2025-03-06T10:28:32 EST" duration-ms="77183">
      <class name="RameshSwarnkarAutomation.TestCases.ErrorValidationsTest">
        <test-method is-config="true" signature="launchApplication()[pri:0, instance:RameshSwarnkarAutomation.TestCases.ErrorValidationsTest@38467116]" started-at="2025-03-06T10:28:11 EST" name="launchApplication" finished-at="2025-03-06T10:28:21 EST" duration-ms="9390" status="PASS">
          <reporter-output>
          </reporter-output>
        </test-method> <!-- launchApplication -->
        <test-method signature="loginErrorValidations()[pri:0, instance:RameshSwarnkarAutomation.TestCases.ErrorValidationsTest@38467116]" started-at="2025-03-06T10:28:21 EST" name="loginErrorValidations" finished-at="2025-03-06T10:28:22 EST" duration-ms="1437" status="PASS">
          <reporter-output>
          </reporter-output>
        </test-method> <!-- loginErrorValidations -->
        <test-method is-config="true" signature="tearDown()[pri:0, instance:RameshSwarnkarAutomation.TestCases.ErrorValidationsTest@38467116]" started-at="2025-03-06T10:28:23 EST" name="tearDown" finished-at="2025-03-06T10:28:23 EST" duration-ms="306" status="PASS">
          <reporter-output>
          </reporter-output>
        </test-method> <!-- tearDown -->
        <test-method is-config="true" signature="launchApplication()[pri:0, instance:RameshSwarnkarAutomation.TestCases.ErrorValidationsTest@38467116]" started-at="2025-03-06T10:28:23 EST" name="launchApplication" finished-at="2025-03-06T10:28:31 EST" duration-ms="8481" status="PASS">
          <reporter-output>
          </reporter-output>
        </test-method> <!-- launchApplication -->
        <test-method signature="secondErrorValidation()[pri:0, instance:RameshSwarnkarAutomation.TestCases.ErrorValidationsTest@38467116]" started-at="2025-03-06T10:28:31 EST" name="secondErrorValidation" finished-at="2025-03-06T10:28:31 EST" duration-ms="5" status="PASS">
          <reporter-output>
          </reporter-output>
        </test-method> <!-- secondErrorValidation -->
        <test-method is-config="true" signature="tearDown()[pri:0, instance:RameshSwarnkarAutomation.TestCases.ErrorValidationsTest@38467116]" started-at="2025-03-06T10:28:32 EST" name="tearDown" finished-at="2025-03-06T10:28:32 EST" duration-ms="279" status="PASS">
          <reporter-output>
          </reporter-output>
        </test-method> <!-- tearDown -->
      </class> <!-- RameshSwarnkarAutomation.TestCases.ErrorValidationsTest -->
      <class name="RameshSwarnkarAutomation.TestCases.WithFrameworkTest">
        <test-method is-config="true" signature="launchApplication()[pri:0, instance:RameshSwarnkarAutomation.TestCases.WithFrameworkTest@70cf32e3]" started-at="2025-03-06T10:27:15 EST" name="launchApplication" finished-at="2025-03-06T10:27:27 EST" duration-ms="11879" status="PASS">
          <reporter-output>
          </reporter-output>
        </test-method> <!-- launchApplication -->
        <test-method signature="E2EHappyFlow()[pri:0, instance:RameshSwarnkarAutomation.TestCases.WithFrameworkTest@70cf32e3]" started-at="2025-03-06T10:27:27 EST" name="E2EHappyFlow" finished-at="2025-03-06T10:27:47 EST" duration-ms="20292" status="PASS">
          <reporter-output>
          </reporter-output>
        </test-method> <!-- E2EHappyFlow -->
        <test-method is-config="true" signature="tearDown()[pri:0, instance:RameshSwarnkarAutomation.TestCases.WithFrameworkTest@70cf32e3]" started-at="2025-03-06T10:27:48 EST" name="tearDown" finished-at="2025-03-06T10:27:48 EST" duration-ms="336" status="PASS">
          <reporter-output>
          </reporter-output>
        </test-method> <!-- tearDown -->
        <test-method is-config="true" signature="launchApplication()[pri:0, instance:RameshSwarnkarAutomation.TestCases.WithFrameworkTest@70cf32e3]" started-at="2025-03-06T10:27:48 EST" name="launchApplication" finished-at="2025-03-06T10:27:58 EST" duration-ms="9813" status="PASS">
          <reporter-output>
          </reporter-output>
        </test-method> <!-- launchApplication -->
        <test-method signature="LoginAndLogOutFlow(java.util.HashMap)[pri:0, instance:RameshSwarnkarAutomation.TestCases.WithFrameworkTest@70cf32e3]" started-at="2025-03-06T10:27:58 EST" name="LoginAndLogOutFlow" data-provider="getData" finished-at="2025-03-06T10:27:59 EST" duration-ms="1466" status="PASS">
          <params>
            <param index="0">
              <value>
                <![CDATA[{userName=ramesh.swarnkar@gmail.com, Password=Password1}]]>
              </value>
            </param>
          </params>
          <reporter-output>
          </reporter-output>
        </test-method> <!-- LoginAndLogOutFlow -->
        <test-method is-config="true" signature="tearDown()[pri:0, instance:RameshSwarnkarAutomation.TestCases.WithFrameworkTest@70cf32e3]" started-at="2025-03-06T10:28:00 EST" name="tearDown" finished-at="2025-03-06T10:28:00 EST" duration-ms="327" status="PASS">
          <reporter-output>
          </reporter-output>
        </test-method> <!-- tearDown -->
        <test-method is-config="true" signature="launchApplication()[pri:0, instance:RameshSwarnkarAutomation.TestCases.WithFrameworkTest@70cf32e3]" started-at="2025-03-06T10:28:00 EST" name="launchApplication" finished-at="2025-03-06T10:28:09 EST" duration-ms="8943" status="PASS">
          <reporter-output>
          </reporter-output>
        </test-method> <!-- launchApplication -->
        <test-method signature="LoginAndLogOutFlow(java.util.HashMap)[pri:0, instance:RameshSwarnkarAutomation.TestCases.WithFrameworkTest@70cf32e3]" started-at="2025-03-06T10:28:09 EST" name="LoginAndLogOutFlow" data-provider="getData" finished-at="2025-03-06T10:28:11 EST" duration-ms="1381" status="PASS">
          <params>
            <param index="0">
              <value>
                <![CDATA[{userName=fisrt.last@gmail.com, Password=Password1}]]>
              </value>
            </param>
          </params>
          <reporter-output>
          </reporter-output>
        </test-method> <!-- LoginAndLogOutFlow -->
        <test-method is-config="true" signature="tearDown()[pri:0, instance:RameshSwarnkarAutomation.TestCases.WithFrameworkTest@70cf32e3]" started-at="2025-03-06T10:28:11 EST" name="tearDown" finished-at="2025-03-06T10:28:11 EST" duration-ms="268" status="PASS">
          <reporter-output>
          </reporter-output>
        </test-method> <!-- tearDown -->
      </class> <!-- RameshSwarnkarAutomation.TestCases.WithFrameworkTest -->
    </test> <!-- Test -->
  </suite> <!-- Suite -->
</testng-results>
