<?xml version="1.0" encoding="UTF-8"?>
<!-- Generated by org.testng.reporters.JUnitXMLReporter -->
<testsuite ignored="1" hostname="Rameshs-MacBook-Air.local" failures="0" tests="1" name="Default test" time="13.553" errors="0" timestamp="2025-03-04T23:18:28 EST">
  <testcase classname="RameshSwarnkarAutomation.TestCases.ErrorValidations" name="loginErrorValidations" time="1.662"/>
  <testcase classname="RameshSwarnkarAutomation.TestCases.ErrorValidations" name="secondErrorValidation" time="0.0">
    <ignored/>
  </testcase> <!-- secondErrorValidation -->
</testsuite> <!-- Default test -->
