<?xml version="1.0" encoding="UTF-8"?>
<testng-results ignored="3" total="4" passed="1" failed="0" skipped="0">
  <reporter-output>
  </reporter-output>
  <suite started-at="2025-03-05T19:09:37 EST" name="Suite" finished-at="2025-03-05T19:09:53 EST" duration-ms="15451">
    <groups>
      <group name="Error handling">
        <method signature="ErrorValidationsTest.loginErrorValidations()[pri:0, instance:RameshSwarnkarAutomation.TestCases.ErrorValidationsTest@574b560f]" name="loginErrorValidations" class="RameshSwarnkarAutomation.TestCases.ErrorValidationsTest"/>
      </group> <!-- Error handling -->
    </groups>
    <test started-at="2025-03-05T19:09:37 EST" name="E2EFunctinalValidation" finished-at="2025-03-05T19:09:37 EST" duration-ms="25">
    </test> <!-- E2EFunctinalValidation -->
    <test started-at="2025-03-05T19:09:37 EST" name="ErrorValidations" finished-at="2025-03-05T19:09:53 EST" duration-ms="15277">
      <class name="RameshSwarnkarAutomation.TestCases.ErrorValidationsTest">
        <test-method is-config="true" signature="launchApplication()[pri:0, instance:RameshSwarnkarAutomation.TestCases.ErrorValidationsTest@574b560f]" started-at="2025-03-05T19:09:37 EST" name="launchApplication" finished-at="2025-03-05T19:09:51 EST" duration-ms="13140" status="PASS">
          <reporter-output>
          </reporter-output>
        </test-method> <!-- launchApplication -->
        <test-method signature="loginErrorValidations()[pri:0, instance:RameshSwarnkarAutomation.TestCases.ErrorValidationsTest@574b560f]" started-at="2025-03-05T19:09:51 EST" name="loginErrorValidations" finished-at="2025-03-05T19:09:52 EST" duration-ms="1751" status="PASS">
          <reporter-output>
          </reporter-output>
        </test-method> <!-- loginErrorValidations -->
        <test-method is-config="true" signature="tearDown()[pri:0, instance:RameshSwarnkarAutomation.TestCases.ErrorValidationsTest@574b560f]" started-at="2025-03-05T19:09:52 EST" name="tearDown" finished-at="2025-03-05T19:09:53 EST" duration-ms="275" status="PASS">
          <reporter-output>
          </reporter-output>
        </test-method> <!-- tearDown -->
      </class> <!-- RameshSwarnkarAutomation.TestCases.ErrorValidationsTest -->
    </test> <!-- ErrorValidations -->
  </suite> <!-- Suite -->
</testng-results>
